2025-07-02 00:17:54.207 [main] INFO  com.education.EducationApplication - Starting EducationApplication using Java 21.0.6 with PID 39408 (D:\my_git_code\SmartClass\backend\target\classes started by 28255 in D:\my_git_code\SmartClass\backend)
2025-07-02 00:17:54.217 [main] DEBUG com.education.EducationApplication - Running with Spring Boot v3.1.8, Spring v6.0.16
2025-07-02 00:17:54.218 [main] INFO  com.education.EducationApplication - The following 1 profile is active: "dev"
2025-07-02 00:17:54.846 [main] INFO  o.s.d.r.config.RepositoryConfigurationDelegate - Multiple Spring Data modules found, entering strict repository configuration mode
2025-07-02 00:17:54.848 [main] INFO  o.s.d.r.config.RepositoryConfigurationDelegate - Bootstrapping Spring Data Redis repositories in DEFAULT mode.
2025-07-02 00:17:54.866 [main] INFO  o.s.d.r.config.RepositoryConfigurationDelegate - Finished Spring Data repository scanning in 10 ms. Found 0 Redis repository interfaces.
2025-07-02 00:17:55.553 [main] INFO  o.s.boot.web.embedded.tomcat.TomcatWebServer - Tomcat initialized with port(s): 8080 (http)
2025-07-02 00:17:55.559 [main] INFO  org.apache.catalina.core.StandardService - Starting service [Tomcat]
2025-07-02 00:17:55.559 [main] INFO  org.apache.catalina.core.StandardEngine - Starting Servlet engine: [Apache Tomcat/10.1.18]
2025-07-02 00:17:55.599 [main] INFO  o.a.c.core.ContainerBase.[Tomcat].[localhost].[/] - Initializing Spring embedded WebApplicationContext
2025-07-02 00:17:55.599 [main] INFO  o.s.b.w.s.c.ServletWebServerApplicationContext - Root WebApplicationContext: initialization completed in 1346 ms
2025-07-02 00:17:55.700 [main] DEBUG c.e.c.SecurityConfig$SessionAuthenticationFilter - Filter 'securityConfig.SessionAuthenticationFilter' configured for use
2025-07-02 00:17:56.834 [main] INFO  com.education.config.SecurityConfig - 配置UserDetailsService - 基于Session认证
2025-07-02 00:17:57.003 [main] INFO  com.education.config.WebConfig - 配置静态资源映射: /files/** -> file:./uploads/
2025-07-02 00:17:57.005 [main] INFO  com.education.config.WebConfig - 静态资源映射配置完成
2025-07-02 00:17:57.563 [main] INFO  o.s.b.actuate.endpoint.web.EndpointLinksResolver - Exposing 1 endpoint(s) beneath base path '/actuator'
2025-07-02 00:17:57.589 [main] INFO  com.education.config.SecurityConfig - 配置Spring Security过滤链 - 基于Session认证
2025-07-02 00:17:57.591 [main] INFO  com.education.config.SecurityConfig - 配置CORS
2025-07-02 00:17:57.591 [main] INFO  com.education.config.SecurityConfig - CORS配置完成
2025-07-02 00:17:57.601 [main] INFO  com.education.config.SecurityConfig - Spring Security配置完成 - 使用Session认证
2025-07-02 00:17:57.635 [main] INFO  o.s.security.web.DefaultSecurityFilterChain - Will secure any request with [org.springframework.security.web.session.DisableEncodeUrlFilter@491f3fb0, org.springframework.security.web.context.request.async.WebAsyncManagerIntegrationFilter@3d0ce151, org.springframework.security.web.context.SecurityContextHolderFilter@6662974a, org.springframework.security.web.header.HeaderWriterFilter@762d2e4c, org.springframework.web.filter.CorsFilter@58a0f75b, org.springframework.security.web.authentication.logout.LogoutFilter@701da311, com.education.config.SecurityConfig$SessionAuthenticationFilter@5b1ff8cd, org.springframework.security.web.session.ConcurrentSessionFilter@16eb01d4, org.springframework.security.web.savedrequest.RequestCacheAwareFilter@df5f657, org.springframework.security.web.servletapi.SecurityContextHolderAwareRequestFilter@487ee2a, org.springframework.security.web.authentication.AnonymousAuthenticationFilter@2b569858, org.springframework.security.web.session.SessionManagementFilter@790ea58f, org.springframework.security.web.access.ExceptionTranslationFilter@1bcca516, org.springframework.security.web.access.intercept.AuthorizationFilter@134ec0f3]
2025-07-02 00:17:58.062 [main] WARN  o.s.b.w.s.c.AnnotationConfigServletWebServerApplicationContext - Exception encountered during context initialization - cancelling refresh attempt: org.springframework.context.ApplicationContextException: Failed to start bean 'webServerStartStop'
2025-07-02 00:17:58.078 [main] INFO  org.apache.catalina.core.StandardService - Stopping service [Tomcat]
2025-07-02 00:17:58.087 [main] INFO  o.s.b.a.logging.ConditionEvaluationReportLogger - 

Error starting ApplicationContext. To display the condition evaluation report re-run your application with 'debug' enabled.
2025-07-02 00:17:58.095 [main] ERROR o.s.b.diagnostics.LoggingFailureAnalysisReporter - 

***************************
APPLICATION FAILED TO START
***************************

Description:

Web server failed to start. Port 8080 was already in use.

Action:

Identify and stop the process that's listening on port 8080 or configure this application to listen on another port.

2025-07-02 00:25:46.938 [main] INFO  com.education.EducationApplication - Starting EducationApplication v1.0.0 using Java 21.0.6 with PID 29408 (D:\my_git_code\SmartClass\backend\target\education-platform-1.0.0.jar started by 28255 in D:\my_git_code\SmartClass\backend)
2025-07-02 00:25:46.939 [main] DEBUG com.education.EducationApplication - Running with Spring Boot v3.1.8, Spring v6.0.16
2025-07-02 00:25:46.939 [main] INFO  com.education.EducationApplication - The following 1 profile is active: "dev"
2025-07-02 00:25:48.004 [main] INFO  o.s.d.r.config.RepositoryConfigurationDelegate - Multiple Spring Data modules found, entering strict repository configuration mode
2025-07-02 00:25:48.014 [main] INFO  o.s.d.r.config.RepositoryConfigurationDelegate - Bootstrapping Spring Data Redis repositories in DEFAULT mode.
2025-07-02 00:25:48.033 [main] INFO  o.s.d.r.config.RepositoryConfigurationDelegate - Finished Spring Data repository scanning in 10 ms. Found 0 Redis repository interfaces.
2025-07-02 00:25:49.350 [main] INFO  o.s.boot.web.embedded.tomcat.TomcatWebServer - Tomcat initialized with port(s): 8080 (http)
2025-07-02 00:25:49.360 [main] INFO  org.apache.catalina.core.StandardService - Starting service [Tomcat]
2025-07-02 00:25:49.360 [main] INFO  org.apache.catalina.core.StandardEngine - Starting Servlet engine: [Apache Tomcat/10.1.18]
2025-07-02 00:25:49.396 [main] INFO  o.a.c.core.ContainerBase.[Tomcat].[localhost].[/] - Initializing Spring embedded WebApplicationContext
2025-07-02 00:25:49.396 [main] INFO  o.s.b.w.s.c.ServletWebServerApplicationContext - Root WebApplicationContext: initialization completed in 2393 ms
2025-07-02 00:25:49.646 [main] DEBUG c.e.c.SecurityConfig$SessionAuthenticationFilter - Filter 'securityConfig.SessionAuthenticationFilter' configured for use
2025-07-02 00:25:52.203 [main] INFO  com.education.config.SecurityConfig - 配置UserDetailsService - 基于Session认证
2025-07-02 00:25:52.813 [main] INFO  com.education.config.WebConfig - 配置静态资源映射: /files/** -> file:./uploads/
2025-07-02 00:25:52.815 [main] INFO  com.education.config.WebConfig - 静态资源映射配置完成
2025-07-02 00:25:54.100 [main] INFO  o.s.b.actuate.endpoint.web.EndpointLinksResolver - Exposing 1 endpoint(s) beneath base path '/actuator'
2025-07-02 00:25:54.140 [main] INFO  com.education.config.SecurityConfig - 配置Spring Security过滤链 - 基于Session认证
2025-07-02 00:25:54.144 [main] INFO  com.education.config.SecurityConfig - 配置CORS
2025-07-02 00:25:54.144 [main] INFO  com.education.config.SecurityConfig - CORS配置完成
2025-07-02 00:25:54.181 [main] INFO  com.education.config.SecurityConfig - Spring Security配置完成 - 使用Session认证
2025-07-02 00:25:54.250 [main] INFO  o.s.security.web.DefaultSecurityFilterChain - Will secure any request with [org.springframework.security.web.session.DisableEncodeUrlFilter@ab2e6d2, org.springframework.security.web.context.request.async.WebAsyncManagerIntegrationFilter@71664560, org.springframework.security.web.context.SecurityContextHolderFilter@22825e1e, org.springframework.security.web.header.HeaderWriterFilter@2a50b32d, org.springframework.web.filter.CorsFilter@4d4436d0, org.springframework.security.web.authentication.logout.LogoutFilter@4ef4f627, com.education.config.SecurityConfig$SessionAuthenticationFilter@73ab3aac, org.springframework.security.web.session.ConcurrentSessionFilter@171dc7c3, org.springframework.security.web.savedrequest.RequestCacheAwareFilter@63fd4dda, org.springframework.security.web.servletapi.SecurityContextHolderAwareRequestFilter@2d258eff, org.springframework.security.web.authentication.AnonymousAuthenticationFilter@39da5e49, org.springframework.security.web.session.SessionManagementFilter@5d5c41e5, org.springframework.security.web.access.ExceptionTranslationFilter@2b80e5a9, org.springframework.security.web.access.intercept.AuthorizationFilter@30c19bff]
2025-07-02 00:25:55.090 [main] WARN  o.s.b.w.s.c.AnnotationConfigServletWebServerApplicationContext - Exception encountered during context initialization - cancelling refresh attempt: org.springframework.context.ApplicationContextException: Failed to start bean 'webServerStartStop'
2025-07-02 00:25:55.183 [main] INFO  org.apache.catalina.core.StandardService - Stopping service [Tomcat]
2025-07-02 00:25:55.210 [main] INFO  o.s.b.a.logging.ConditionEvaluationReportLogger - 

Error starting ApplicationContext. To display the condition evaluation report re-run your application with 'debug' enabled.
2025-07-02 00:25:55.249 [main] ERROR o.s.b.diagnostics.LoggingFailureAnalysisReporter - 

***************************
APPLICATION FAILED TO START
***************************

Description:

Web server failed to start. Port 8080 was already in use.

Action:

Identify and stop the process that's listening on port 8080 or configure this application to listen on another port.

2025-07-02 00:29:59.914 [main] INFO  com.education.EducationApplication - Starting EducationApplication v1.0.0 using Java 21.0.6 with PID 16528 (D:\my_git_code\SmartClass\backend\target\education-platform-1.0.0.jar started by 28255 in D:\my_git_code\SmartClass\backend)
2025-07-02 00:29:59.914 [main] DEBUG com.education.EducationApplication - Running with Spring Boot v3.1.8, Spring v6.0.16
2025-07-02 00:29:59.914 [main] INFO  com.education.EducationApplication - The following 1 profile is active: "dev"
2025-07-02 00:30:00.985 [main] INFO  o.s.d.r.config.RepositoryConfigurationDelegate - Multiple Spring Data modules found, entering strict repository configuration mode
2025-07-02 00:30:00.985 [main] INFO  o.s.d.r.config.RepositoryConfigurationDelegate - Bootstrapping Spring Data Redis repositories in DEFAULT mode.
2025-07-02 00:30:01.006 [main] INFO  o.s.d.r.config.RepositoryConfigurationDelegate - Finished Spring Data repository scanning in 11 ms. Found 0 Redis repository interfaces.
2025-07-02 00:30:02.548 [main] INFO  o.s.boot.web.embedded.tomcat.TomcatWebServer - Tomcat initialized with port(s): 8081 (http)
2025-07-02 00:30:02.560 [main] INFO  org.apache.catalina.core.StandardService - Starting service [Tomcat]
2025-07-02 00:30:02.560 [main] INFO  org.apache.catalina.core.StandardEngine - Starting Servlet engine: [Apache Tomcat/10.1.18]
2025-07-02 00:30:02.589 [main] INFO  o.a.c.core.ContainerBase.[Tomcat].[localhost].[/] - Initializing Spring embedded WebApplicationContext
2025-07-02 00:30:02.589 [main] INFO  o.s.b.w.s.c.ServletWebServerApplicationContext - Root WebApplicationContext: initialization completed in 2623 ms
2025-07-02 00:30:02.827 [main] DEBUG c.e.c.SecurityConfig$SessionAuthenticationFilter - Filter 'securityConfig.SessionAuthenticationFilter' configured for use
2025-07-02 00:30:05.565 [main] INFO  com.education.config.SecurityConfig - 配置UserDetailsService - 基于Session认证
2025-07-02 00:30:06.221 [main] INFO  com.education.config.WebConfig - 配置静态资源映射: /files/** -> file:./uploads/
2025-07-02 00:30:06.231 [main] INFO  com.education.config.WebConfig - 静态资源映射配置完成
2025-07-02 00:30:07.475 [main] INFO  o.s.b.actuate.endpoint.web.EndpointLinksResolver - Exposing 1 endpoint(s) beneath base path '/actuator'
2025-07-02 00:30:07.505 [main] INFO  com.education.config.SecurityConfig - 配置Spring Security过滤链 - 基于Session认证
2025-07-02 00:30:07.515 [main] INFO  com.education.config.SecurityConfig - 配置CORS
2025-07-02 00:30:07.515 [main] INFO  com.education.config.SecurityConfig - CORS配置完成
2025-07-02 00:30:07.547 [main] INFO  com.education.config.SecurityConfig - Spring Security配置完成 - 使用Session认证
2025-07-02 00:30:07.617 [main] INFO  o.s.security.web.DefaultSecurityFilterChain - Will secure any request with [org.springframework.security.web.session.DisableEncodeUrlFilter@2b44d6d0, org.springframework.security.web.context.request.async.WebAsyncManagerIntegrationFilter@3e900e1a, org.springframework.security.web.context.SecurityContextHolderFilter@21ea996f, org.springframework.security.web.header.HeaderWriterFilter@2233cac0, org.springframework.web.filter.CorsFilter@196624bf, org.springframework.security.web.authentication.logout.LogoutFilter@1e3f0aea, com.education.config.SecurityConfig$SessionAuthenticationFilter@73ab3aac, org.springframework.security.web.session.ConcurrentSessionFilter@1b57c345, org.springframework.security.web.savedrequest.RequestCacheAwareFilter@2f79f192, org.springframework.security.web.servletapi.SecurityContextHolderAwareRequestFilter@2a8b33ba, org.springframework.security.web.authentication.AnonymousAuthenticationFilter@50085d9c, org.springframework.security.web.session.SessionManagementFilter@8e25d3f, org.springframework.security.web.access.ExceptionTranslationFilter@d325518, org.springframework.security.web.access.intercept.AuthorizationFilter@2e71240b]
2025-07-02 00:30:08.549 [main] INFO  o.s.boot.web.embedded.tomcat.TomcatWebServer - Tomcat started on port(s): 8081 (http) with context path ''
2025-07-02 00:30:08.556 [scheduling-1] WARN  com.education.monitor.DataSourceMonitor - 连接池监控跳过: HikariCP连接池尚未完全初始化
2025-07-02 00:30:08.569 [main] INFO  com.education.EducationApplication - Started EducationApplication in 9.054 seconds (process running for 9.589)
